--------------------------------------------------------------------------------
Release 14.7 Trace  (nt)
Copyright (c) 1995-2013 Xilinx, Inc.  All rights reserved.

C:\Xilinx\14.7\ISE_DS\ISE\bin\nt\unwrapped\trce.exe -intstyle ise -v 3 -s 3 -n
3 -fastpaths -xml Camino.twx Camino.ncd -o Camino.twr Camino.pcf

Design file:              Camino.ncd
Physical constraint file: Camino.pcf
Device,package,speed:     xc6slx45,csg324,C,-3 (PRODUCTION 1.23 2013-10-13)
Report level:             verbose report

Environment Variable      Effect 
--------------------      ------ 
NONE                      No environment variables were set
--------------------------------------------------------------------------------

INFO:Timing:2698 - No timing constraints found, doing default enumeration.
INFO:Timing:3412 - To improve timing, see the Timing Closure User Guide (UG612).
INFO:Timing:2752 - To get complete path coverage, use the unconstrained paths 
   option. All paths that are not constrained will be reported in the 
   unconstrained paths section(s) of the report.
INFO:Timing:3339 - The clock-to-out numbers in this timing report are based on 
   a 50 Ohm transmission line loading model.  For the details of this model, 
   and for more information on accounting for different loading conditions, 
   please see the device datasheet.



Data Sheet report:
-----------------
All values displayed in nanoseconds (ns)

Clock XLXN_11 to Pad
------------+-----------------+------------+-----------------+------------+------------------+--------+
            |Max (slowest) clk|  Process   |Min (fastest) clk|  Process   |                  | Clock  |
Destination |  (edge) to PAD  |   Corner   |  (edge) to PAD  |   Corner   |Internal Clock(s) | Phase  |
------------+-----------------+------------+-----------------+------------+------------------+--------+
XLXN_3<0>   |         8.312(R)|      SLOW  |         4.435(R)|      FAST  |XLXN_11_BUFGP     |   0.000|
XLXN_3<1>   |         8.583(R)|      SLOW  |         4.469(R)|      FAST  |XLXN_11_BUFGP     |   0.000|
XLXN_3<2>   |         8.398(R)|      SLOW  |         4.425(R)|      FAST  |XLXN_11_BUFGP     |   0.000|
XLXN_3<3>   |         8.622(R)|      SLOW  |         4.469(R)|      FAST  |XLXN_11_BUFGP     |   0.000|
XLXN_3<4>   |         8.909(R)|      SLOW  |         4.500(R)|      FAST  |XLXN_11_BUFGP     |   0.000|
XLXN_3<5>   |         8.641(R)|      SLOW  |         4.438(R)|      FAST  |XLXN_11_BUFGP     |   0.000|
------------+-----------------+------------+-----------------+------------+------------------+--------+

Clock to Setup on destination clock XLXN_11
---------------+---------+---------+---------+---------+
               | Src:Rise| Src:Fall| Src:Rise| Src:Fall|
Source Clock   |Dest:Rise|Dest:Rise|Dest:Fall|Dest:Fall|
---------------+---------+---------+---------+---------+
XLXN_11        |    1.504|         |         |         |
---------------+---------+---------+---------+---------+


Analysis completed Wed Oct 11 09:50:05 2023 
--------------------------------------------------------------------------------

Trace Settings:
-------------------------
Trace Settings 

Peak Memory Usage: 207 MB



