Running: /opt/Xilinx/14.7/ISE_DS/ISE/bin/lin64/unwrapped/fuse -intstyle ise -incremental -lib secureip -o /home/ise/Documents/Procesador/Camino_isim_beh.exe -prj /home/ise/Documents/Procesador/Camino_beh.prj work.Camino 
ISim P.20131013 (signature 0xfbc00daa)
Number of CPUs detected in this system: 6
Turning on mult-threading, number of parallel sub-compilation jobs: 12 
Determining compilation order of HDL files
Parsing VHDL file "/home/ise/Documents/Procesador/SUMADOR.vhd" into library work
Parsing VHDL file "/home/ise/Documents/Procesador/PC.vhd" into library work
Parsing VHDL file "/home/ise/Documents/Procesador/MemoriaRegistros.vhd" into library work
Parsing VHDL file "/home/ise/Documents/Procesador/MemoriaInstrucciones.vhd" into library work
Parsing VHDL file "/home/ise/Documents/Procesador/GeneradorCiclos.vhd" into library work
Parsing VHDL file "/home/ise/Documents/Procesador/Decodificador.vhd" into library work
Parsing VHDL file "/home/ise/Documents/Procesador/ALU.vhd" into library work
Parsing VHDL file "/home/ise/Documents/Procesador/Camino.vhf" into library work
Starting static elaboration
Completed static elaboration
Fuse Memory Usage: 114244 KB
Fuse CPU Usage: 6490 ms
Compiling package standard
Compiling package std_logic_1164
Compiling package numeric_std
Compiling package vcomponents
Compiling package std_logic_arith
Compiling package std_logic_unsigned
Compiling architecture behavioral of entity PC [pc_default]
Compiling architecture behavioral of entity SUMADOR [sumador_default]
Compiling architecture behavioral of entity MemoriaInstrucciones [memoriainstrucciones_default]
Compiling architecture behavioral of entity Decodificador [decodificador_default]
Compiling architecture behavioral of entity MemoriaRegistros [memoriaregistros_default]
Compiling architecture behavioral of entity ALU [alu_default]
Compiling architecture behavioral of entity GeneradorCiclos [generadorciclos_default]
Compiling architecture behavioral of entity camino
Time Resolution for simulation is 1ps.
Waiting for 1 sub-compilation(s) to finish...
Compiled 21 VHDL Units
Built simulation executable /home/ise/Documents/Procesador/Camino_isim_beh.exe
Fuse Memory Usage: 951456 KB
Fuse CPU Usage: 8330 ms
GCC CPU Usage: 25740 ms
