ISim log file
Running: C:\Users\danie\Documents\GitHub\Procesador\Camino_isim_beh.exe -intstyle ise -gui -tclbatch isim.cmd -wdb C:/Users/danie/Documents/GitHub/Procesador/Camino_isim_beh.wdb 
ISim P.20131013 (signature 0x7708f090)
WARNING: A WEBPACK license was found.
WARNING: Please use Xilinx License Configuration Manager to check out a full ISim license.
WARNING: ISim will run in Lite mode. Please refer to the ISim documentation for more information on the differences between the Lite and the Full version.
This is a Lite version of ISim.
Time resolution is 1 ps
# onerror resume
# wave add /
# run 1000 ns
Simulator is doing circuit initialization process.
at 0 ps, Instance /camino/XLXI_1/ : Warning: There is an 'U'|'X'|'W'|'Z'|'-' in an arithmetic operand, the result will be 'X'(es).
at 0 ps, Instance /camino/XLXI_6/ : Warning: CONV_INTEGER: There is an 'U'|'X'|'W'|'Z'|'-' in an arithmetic operand, and it has been converted to 0.
Finished circuit initialization process.
# isim force add /camino/clk_memins 1 -radix bin -value 0 -radix bin -time 500 ns -repeat 1 us
# isim force add /camino/clk_memins 1 -radix bin -value 0 -radix bin -time 500 ns -repeat 1 us
# isim force add /camino/clk_memreg 1 -radix bin -value 0 -radix bin -time 500 ns -repeat 1 us
# isim force add /camino/clk_memreg 1 -radix bin -value 0 -radix bin -time 500 ns -repeat 1 us
# isim force add /camino/clk_pc 1 -radix bin -value 0 -radix bin -time 500 ns -repeat 1 us
# isim force add /camino/clk_pc 1 -radix bin -value 0 -radix bin -time 500 ns -repeat 1 us
# isim force add /camino/xlxi_6_we_opensignal 1 -radix bin
# isim force add /camino/xlxi_6_we_opensignal 1 -radix bin
# run 1.00us
at 1 us, Instance /camino/XLXI_6/ : Warning: CONV_INTEGER: There is an 'U'|'X'|'W'|'Z'|'-' in an arithmetic operand, and it has been converted to 0.
at 1 us, Instance /camino/XLXI_6/ : Warning: CONV_INTEGER: There is an 'U'|'X'|'W'|'Z'|'-' in an arithmetic operand, and it has been converted to 0.
# run 1.00us
# run 1.00us
# run 1.00us
# run 1.00us
# run 1.00us
# run 1.00us
# run 1.00us
# run 1.00us
# run 1.00us
# run 1.00us
# run 1.00us
ERROR: Index 12 out of bound 0 to 11. 
ERROR: In process MemoriaInstrucciones.vhd:31 
 
INFO: Simulator is stopped.
# run 1.00us
INFO: Simulator is stopped.
# run 1.00us
INFO: Simulator is stopped.
# run 1.00us
INFO: Simulator is stopped.
# run 1.00us
INFO: Simulator is stopped.
ISim P.20131013 (signature 0x7708f090)
WARNING: A WEBPACK license was found.
WARNING: Please use Xilinx License Configuration Manager to check out a full ISim license.
WARNING: ISim will run in Lite mode. Please refer to the ISim documentation for more information on the differences between the Lite and the Full version.
This is a Lite version of ISim.
# run 1000 ns
Simulator is doing circuit initialization process.
at 0 ps, Instance /camino/XLXI_1/ : Warning: There is an 'U'|'X'|'W'|'Z'|'-' in an arithmetic operand, the result will be 'X'(es).
at 0 ps, Instance /camino/XLXI_6/ : Warning: CONV_INTEGER: There is an 'U'|'X'|'W'|'Z'|'-' in an arithmetic operand, and it has been converted to 0.
Finished circuit initialization process.
# isim force add /camino/clk_memins 1 -radix bin -value 0 -radix bin -time 500 ns -repeat 1 us
# isim force add /camino/clk_memins 1 -radix bin -value 0 -radix bin -time 500 ns -repeat 1 us
# isim force add /camino/clk_memreg 1 -radix bin -value 0 -radix bin -time 500 ns -repeat 1 us
# isim force add /camino/clk_memreg 1 -radix bin -value 0 -radix bin -time 500 ns -repeat 1 us
# isim force add /camino/clk_pc 1 -radix bin -value 0 -radix bin -time 500 ns -repeat 1 us
# isim force add /camino/clk_pc 1 -radix bin -value 0 -radix bin -time 500 ns -repeat 1 us
# isim force add /camino/xlxi_6_we_opensignal 1 -radix bin
# isim force add /camino/xlxi_6_we_opensignal 1 -radix bin
# run 1.00us
at 1 us, Instance /camino/XLXI_6/ : Warning: CONV_INTEGER: There is an 'U'|'X'|'W'|'Z'|'-' in an arithmetic operand, and it has been converted to 0.
at 1 us, Instance /camino/XLXI_6/ : Warning: CONV_INTEGER: There is an 'U'|'X'|'W'|'Z'|'-' in an arithmetic operand, and it has been converted to 0.
# run 1.00us
# run 1.00us
# run 1.00us
# run 1.00us
# run 1.00us
# run 1.00us
# run 1.00us
# run 1.00us
# run 1.00us
# run 1.00us
# run 1.00us
ERROR: Index 12 out of bound 0 to 11. 
ERROR: In process MemoriaInstrucciones.vhd:31 
 
INFO: Simulator is stopped.
# run 1.00us
INFO: Simulator is stopped.
# run 1.00us
INFO: Simulator is stopped.
