Command line:
   GeneradorCiclos_isim_beh.exe
     -simmode  gui
     -simrunnum  0
     -socket  59230

Wed Oct 04 10:40:39 2023


 Elaboration Time: 0.0625 sec

 Current Memory Usage: 5150.88 Meg

 Total Signals          : 8
 Total Nets             : 8
 Total Signal Drivers   : 7
 Total Blocks           : 2
 Total Primitive Blocks : 2
 Total Processes        : 2
 Total Traceable Variables  : 8
 Total Scalar Nets and Variables : 368
Total Line Count : 40

 Total Simulation Time: 0.109375 sec

 Current Memory Usage: 5150.88 Meg

Wed Oct 04 10:40:46 2023

