Command line:
   MUX_Sumador_isim_beh.exe
     -simmode  gui
     -simrunnum  0
     -socket  47214

Wed Nov  1 05:25:20 2023


 Elaboration Time: 0.35 sec

 Current Memory Usage: 215.265 Meg

 Total Signals          : 5
 Total Nets             : 46
 Total Signal Drivers   : 1
 Total Blocks           : 2
 Total Primitive Blocks : 2
 Total Processes        : 1
 Total Traceable Variables  : 8
 Total Scalar Nets and Variables : 406
Total Line Count : 4

 Total Simulation Time: 0.58 sec

 Current Memory Usage: 292.864 Meg

Wed Nov  1 05:26:41 2023

