Command line:
   ExtensorSigno_isim_beh.exe
     -simmode  gui
     -simrunnum  0
     -socket  50092

Wed Oct 18 14:37:15 2023


 Elaboration Time: 0.63 sec

 Current Memory Usage: 215.4 Meg

 Total Signals          : 3
 Total Nets             : 80
 Total Signal Drivers   : 2
 Total Blocks           : 2
 Total Primitive Blocks : 2
 Total Processes        : 1
 Total Traceable Variables  : 8
 Total Scalar Nets and Variables : 440
Total Line Count : 3

 Total Simulation Time: 0.72 sec

 Current Memory Usage: 292.999 Meg

Wed Oct 18 14:40:00 2023

