Command line:
   ALU_isim_beh.exe
     -simmode  gui
     -simrunnum  0
     -socket  53973

Fri Nov  3 01:55:55 2023


 Elaboration Time: 0.35 sec

 Current Memory Usage: 215.507 Meg

 Total Signals          : 6
 Total Nets             : 109
 Total Signal Drivers   : 2
 Total Blocks           : 4
 Total Primitive Blocks : 4
 Total Processes        : 1
 Total Traceable Variables  : 10
 Total Scalar Nets and Variables : 487
Total Line Count : 23

 Total Simulation Time: 0.62 sec

 Current Memory Usage: 293.106 Meg

Fri Nov  3 01:58:42 2023

